#
# There is insufficient memory for the Java Runtime Environment to continue.
# Native memory allocation (malloc) failed to allocate 32744 bytes for ChunkPool::allocate
# Possible reasons:
#   The system is out of physical RAM or swap space
#   In 32 bit mode, the process size limit was hit
# Possible solutions:
#   Reduce memory load on the system
#   Increase physical memory or swap space
#   Check if swap backing store is full
#   Use 64 bit Java on a 64 bit OS
#   Decrease Java heap size (-Xmx/-Xms)
#   Decrease number of Java threads
#   Decrease Java thread stack sizes (-Xss)
#   Set larger code cache with -XX:ReservedCodeCacheSize=
# This output file may be truncated or incomplete.
#
#  Out of Memory Error (allocation.cpp:273), pid=8980, tid=0x0000000000003418
#
# JRE version: OpenJDK Runtime Environment (8.0_152-b06) (build 1.8.0_152-release-1136-b06)
# Java VM: OpenJDK 64-Bit Server VM (25.152-b06 mixed mode windows-amd64 compressed oops)
# Failed to write core dump. Minidumps are not enabled by default on client versions of Windows
#

---------------  T H R E A D  ---------------

Current thread (0x0000000056dc6800):  JavaThread "C2 CompilerThread0" daemon [_thread_in_native, id=13336, stack(0x00000000573c0000,0x00000000574c0000)]

Stack: [0x00000000573c0000,0x00000000574c0000]
[error occurred during error reporting (printing stack bounds), id 0xc0000005]

Native frames: (J=compiled Java code, j=interpreted, Vv=VM code, C=native code)


Current CompileTask:
C2:4365266 23157       4       com.android.utils.XmlUtils::append (540 bytes)


---------------  P R O C E S S  ---------------

Java Threads: ( => current thread )
  0x0000000056feb800 JavaThread "queued-resource-processor_12" daemon [_thread_blocked, id=13428, stack(0x0000000066240000,0x0000000066340000)]
  0x0000000056feb000 JavaThread "queued-resource-processor_11" daemon [_thread_blocked, id=7084, stack(0x00000000663c0000,0x00000000664c0000)]
  0x0000000056fe8800 JavaThread "queued-resource-processor_10" daemon [_thread_in_native, id=8868, stack(0x000000005ec40000,0x000000005ed40000)]
  0x0000000058236800 JavaThread "queued-resource-processor_9" daemon [_thread_blocked, id=11168, stack(0x00000000594c0000,0x00000000595c0000)]
  0x0000000056fe8000 JavaThread "Task worker for ':' Thread 3" [_thread_blocked, id=13824, stack(0x00000000626f0000,0x00000000627f0000)]
  0x0000000056fe6800 JavaThread "Task worker for ':' Thread 2" [_thread_blocked, id=3716, stack(0x00000000660f0000,0x00000000661f0000)]
  0x0000000056fea000 JavaThread "Task worker for ':'" [_thread_blocked, id=9576, stack(0x00000000658e0000,0x00000000659e0000)]
  0x0000000056fe7000 JavaThread "Cache worker for Build Output Cleanup Cache (H:\Messwala\android\.gradle\buildOutputCleanup)" [_thread_blocked, id=2168, stack(0x0000000064e80000,0x0000000064f80000)]
  0x000000005823a000 JavaThread "Cache worker for task history cache (H:\Messwala\android\.gradle\4.4\taskHistory)" [_thread_blocked, id=13384, stack(0x0000000065340000,0x0000000065440000)]
  0x0000000058245000 JavaThread "build operations Thread 4" [_thread_blocked, id=11776, stack(0x0000000064b80000,0x0000000064c80000)]
  0x0000000058238800 JavaThread "build operations Thread 3" [_thread_blocked, id=11768, stack(0x0000000062bd0000,0x0000000062cd0000)]
  0x000000005823e000 JavaThread "build operations Thread 2" [_thread_blocked, id=8124, stack(0x000000005eaf0000,0x000000005ebf0000)]
  0x0000000058244000 JavaThread "build operations" [_thread_blocked, id=10356, stack(0x0000000059a50000,0x0000000059b50000)]
  0x0000000058239800 JavaThread "Cache worker for Artifact transforms cache (C:\Users\bkanjula\.gradle\caches\transforms-1)" [_thread_blocked, id=8348, stack(0x00000000611b0000,0x00000000612b0000)]
  0x0000000058242800 JavaThread "Cache worker for file hash cache (H:\Messwala\android\.gradle\4.4\fileHashes)" [_thread_blocked, id=12388, stack(0x000000005fe70000,0x000000005ff70000)]
  0x0000000058237000 JavaThread "Asynchronous log dispatcher for DefaultDaemonConnection: socket connection from /127.0.0.1:54345 to /127.0.0.1:64752" [_thread_blocked, id=4828, stack(0x000000005c650000,0x000000005c750000)]
  0x000000005823f800 JavaThread "Daemon worker Thread 7" [_thread_blocked, id=10312, stack(0x000000005d3f0000,0x000000005d4f0000)]
  0x000000005823b000 JavaThread "Cancel handler" [_thread_blocked, id=11300, stack(0x0000000057890000,0x0000000057990000)]
  0x0000000058243800 JavaThread "Handler for socket connection from /127.0.0.1:54345 to /127.0.0.1:64752" [_thread_in_native, id=7224, stack(0x000000005a1e0000,0x000000005a2e0000)]
  0x000000005823f000 JavaThread "Daemon Thread 7" [_thread_blocked, id=12836, stack(0x000000005a070000,0x000000005a170000)]
  0x000000005823b800 JavaThread "Memory manager" [_thread_blocked, id=11920, stack(0x0000000061990000,0x0000000061a90000)]
  0x0000000058431800 JavaThread "File lock request listener" [_thread_in_native, id=13684, stack(0x0000000059f00000,0x000000005a000000)]
  0x000000005a9f7000 JavaThread "Cache worker for file hash cache (C:\Users\bkanjula\.gradle\caches\4.4\fileHashes)" [_thread_blocked, id=11496, stack(0x000000005b4d0000,0x000000005b5d0000)]
  0x00000000581cc800 JavaThread "Daemon periodic checks" [_thread_blocked, id=14124, stack(0x0000000059950000,0x0000000059a50000)]
  0x0000000057e6a000 JavaThread "Incoming local TCP Connector on port 54345" [_thread_in_native, id=2740, stack(0x0000000059790000,0x0000000059890000)]
  0x0000000056e34000 JavaThread "Service Thread" daemon [_thread_blocked, id=10032, stack(0x0000000057780000,0x0000000057880000)]
  0x0000000054f35800 JavaThread "C1 CompilerThread2" daemon [_thread_blocked, id=14172, stack(0x0000000056040000,0x0000000056140000)]
  0x0000000056dcc000 JavaThread "C2 CompilerThread1" daemon [_thread_blocked, id=8368, stack(0x00000000575d0000,0x00000000576d0000)]
=>0x0000000056dc6800 JavaThread "C2 CompilerThread0" daemon [_thread_in_native, id=13336, stack(0x00000000573c0000,0x00000000574c0000)]
  0x0000000054f33000 JavaThread "Attach Listener" daemon [_thread_blocked, id=13504, stack(0x00000000571e0000,0x00000000572e0000)]
  0x0000000054f31800 JavaThread "Signal Dispatcher" daemon [_thread_blocked, id=4900, stack(0x0000000056a00000,0x0000000056b00000)]
  0x0000000054f18000 JavaThread "Finalizer" daemon [_thread_blocked, id=14152, stack(0x0000000056cc0000,0x0000000056dc0000)]
  0x0000000054ed1000 JavaThread "Reference Handler" daemon [_thread_blocked, id=8444, stack(0x0000000056b30000,0x0000000056c30000)]
  0x0000000001fe8000 JavaThread "main" [_thread_blocked, id=9736, stack(0x00000000020b0000,0x00000000021b0000)]

Other Threads:
  0x0000000054ec9800 VMThread [stack: 0x0000000055f10000,0x0000000056010000] [id=13448]
  0x0000000056e39000 WatcherThread [stack: 0x00000000579e0000,0x0000000057ae0000] [id=4832]

VM state:not at safepoint (normal execution)

VM Mutex/Monitor currently owned by a thread: None

Heap:
 PSYoungGen      total 258048K, used 39016K [0x00000000eab00000, 0x00000000ff580000, 0x0000000100000000)
  eden space 178176K, 12% used [0x00000000eab00000,0x00000000ec106290,0x00000000f5900000)
  from space 79872K, 20% used [0x00000000f5900000,0x00000000f6914080,0x00000000fa700000)
  to   space 74752K, 0% used [0x00000000fac80000,0x00000000fac80000,0x00000000ff580000)
 ParOldGen       total 213504K, used 118830K [0x00000000c0000000, 0x00000000cd080000, 0x00000000eab00000)
  object space 213504K, 55% used [0x00000000c0000000,0x00000000c740bb40,0x00000000cd080000)
 Metaspace       used 93473K, capacity 99582K, committed 99840K, reserved 1136640K
  class space    used 11877K, capacity 13305K, committed 13312K, reserved 1048576K

Card table byte_map: [0x0000000011940000,0x0000000011b50000] byte_map_base: 0x0000000011340000

Marking Bits: (ParMarkBitMap*) 0x0000000056935aa0
 Begin Bits: [0x0000000012340000, 0x0000000013340000)
 End Bits:   [0x0000000013340000, 0x0000000014340000)

Polling page: 0x0000000000330000

CodeCache: size=245760Kb used=63854Kb max_used=63889Kb free=181905Kb
 bounds [0x0000000002580000, 0x0000000006450000, 0x0000000011580000]
 total_blobs=19091 nmethods=18206 adapters=794
 compilation: enabled

Compilation events (10 events):
Event: 4318.366 Thread 0x0000000056dcc000 23144       4       com.google.common.collect.StandardTable$Row::computeBackingRowMap (20 bytes)
Event: 4318.382 Thread 0x0000000056dcc000 nmethod 23144 0x000000000641bc10 code [0x000000000641bdc0, 0x000000000641c328]
Event: 4318.824 Thread 0x0000000056dc6800 nmethod 23153 0x000000000642f650 code [0x000000000642ff60, 0x0000000006436850]
Event: 4322.017 Thread 0x0000000056dcc000 23154       4       java.io.File::<init> (80 bytes)
Event: 4322.020 Thread 0x0000000056dcc000 nmethod 23154 0x0000000003d8c490 code [0x0000000003d8c5e0, 0x0000000003d8c6a8]
Event: 4363.223 Thread 0x0000000054f35800 23155       3       com.sun.org.apache.xerces.internal.dom.ChildNode::getParentNode (16 bytes)
Event: 4363.224 Thread 0x0000000054f35800 nmethod 23155 0x000000000641f650 code [0x000000000641f7c0, 0x000000000641fab0]
Event: 4363.230 Thread 0x0000000056dcc000 23156       4       com.android.ide.common.blame.SourceFile::<init> (15 bytes)
Event: 4363.232 Thread 0x0000000056dcc000 nmethod 23156 0x0000000004289b90 code [0x0000000004289cc0, 0x0000000004289d38]
Event: 4363.233 Thread 0x0000000056dc6800 23157       4       com.android.utils.XmlUtils::append (540 bytes)

GC Heap History (10 events):
Event: 2063.021 GC heap before
{Heap before GC invocations=37 (full 4):
 PSYoungGen      total 253952K, used 163070K [0x00000000eab00000, 0x0000000100000000, 0x0000000100000000)
  eden space 160256K, 100% used [0x00000000eab00000,0x00000000f4780000,0x00000000f4780000)
  from space 93696K, 3% used [0x00000000fa180000,0x00000000fa43fbf8,0x00000000ffd00000)
  to   space 92160K, 0% used [0x00000000f4780000,0x00000000f4780000,0x00000000fa180000)
 ParOldGen       total 213504K, used 110762K [0x00000000c0000000, 0x00000000cd080000, 0x00000000eab00000)
  object space 213504K, 51% used [0x00000000c0000000,0x00000000c6c2a938,0x00000000cd080000)
 Metaspace       used 90358K, capacity 94768K, committed 96000K, reserved 1132544K
  class space    used 11502K, capacity 12474K, committed 12800K, reserved 1048576K
Event: 2063.054 GC heap after
Heap after GC invocations=37 (full 4):
 PSYoungGen      total 252416K, used 112K [0x00000000eab00000, 0x00000000ffa80000, 0x0000000100000000)
  eden space 160256K, 0% used [0x00000000eab00000,0x00000000eab00000,0x00000000f4780000)
  from space 92160K, 0% used [0x00000000f4780000,0x00000000f479c010,0x00000000fa180000)
  to   space 90112K, 0% used [0x00000000fa280000,0x00000000fa280000,0x00000000ffa80000)
 ParOldGen       total 213504K, used 113095K [0x00000000c0000000, 0x00000000cd080000, 0x00000000eab00000)
  object space 213504K, 52% used [0x00000000c0000000,0x00000000c6e71f40,0x00000000cd080000)
 Metaspace       used 90358K, capacity 94768K, committed 96000K, reserved 1132544K
  class space    used 11502K, capacity 12474K, committed 12800K, reserved 1048576K
}
Event: 3799.553 GC heap before
{Heap before GC invocations=38 (full 4):
 PSYoungGen      total 252416K, used 160368K [0x00000000eab00000, 0x00000000ffa80000, 0x0000000100000000)
  eden space 160256K, 100% used [0x00000000eab00000,0x00000000f4780000,0x00000000f4780000)
  from space 92160K, 0% used [0x00000000f4780000,0x00000000f479c010,0x00000000fa180000)
  to   space 90112K, 0% used [0x00000000fa280000,0x00000000fa280000,0x00000000ffa80000)
 ParOldGen       total 213504K, used 113095K [0x00000000c0000000, 0x00000000cd080000, 0x00000000eab00000)
  object space 213504K, 52% used [0x00000000c0000000,0x00000000c6e71f40,0x00000000cd080000)
 Metaspace       used 91196K, capacity 96032K, committed 96896K, reserved 1132544K
  class space    used 11626K, capacity 12732K, committed 12928K, reserved 1048576K
Event: 3799.685 GC heap after
Heap after GC invocations=38 (full 4):
 PSYoungGen      total 253952K, used 5495K [0x00000000eab00000, 0x00000000ff800000, 0x0000000100000000)
  eden space 166400K, 0% used [0x00000000eab00000,0x00000000eab00000,0x00000000f4d80000)
  from space 87552K, 6% used [0x00000000fa280000,0x00000000fa7dde48,0x00000000ff800000)
  to   space 87040K, 0% used [0x00000000f4d80000,0x00000000f4d80000,0x00000000fa280000)
 ParOldGen       total 213504K, used 113128K [0x00000000c0000000, 0x00000000cd080000, 0x00000000eab00000)
  object space 213504K, 52% used [0x00000000c0000000,0x00000000c6e7a110,0x00000000cd080000)
 Metaspace       used 91196K, capacity 96032K, committed 96896K, reserved 1132544K
  class space    used 11626K, capacity 12732K, committed 12928K, reserved 1048576K
}
Event: 3910.698 GC heap before
{Heap before GC invocations=39 (full 4):
 PSYoungGen      total 253952K, used 171895K [0x00000000eab00000, 0x00000000ff800000, 0x0000000100000000)
  eden space 166400K, 100% used [0x00000000eab00000,0x00000000f4d80000,0x00000000f4d80000)
  from space 87552K, 6% used [0x00000000fa280000,0x00000000fa7dde48,0x00000000ff800000)
  to   space 87040K, 0% used [0x00000000f4d80000,0x00000000f4d80000,0x00000000fa280000)
 ParOldGen       total 213504K, used 113128K [0x00000000c0000000, 0x00000000cd080000, 0x00000000eab00000)
  object space 213504K, 52% used [0x00000000c0000000,0x00000000c6e7a110,0x00000000cd080000)
 Metaspace       used 92058K, capacity 97476K, committed 97920K, reserved 1134592K
  class space    used 11728K, capacity 12999K, committed 13184K, reserved 1048576K
Event: 3910.750 GC heap after
Heap after GC invocations=39 (full 4):
 PSYoungGen      total 253440K, used 5440K [0x00000000eab00000, 0x00000000ff880000, 0x0000000100000000)
  eden space 166400K, 0% used [0x00000000eab00000,0x00000000eab00000,0x00000000f4d80000)
  from space 87040K, 6% used [0x00000000f4d80000,0x00000000f52d0030,0x00000000fa280000)
  to   space 83456K, 0% used [0x00000000fa700000,0x00000000fa700000,0x00000000ff880000)
 ParOldGen       total 213504K, used 115211K [0x00000000c0000000, 0x00000000cd080000, 0x00000000eab00000)
  object space 213504K, 53% used [0x00000000c0000000,0x00000000c7082ff0,0x00000000cd080000)
 Metaspace       used 92058K, capacity 97476K, committed 97920K, reserved 1134592K
  class space    used 11728K, capacity 12999K, committed 13184K, reserved 1048576K
}
Event: 4089.490 GC heap before
{Heap before GC invocations=40 (full 4):
 PSYoungGen      total 253440K, used 171840K [0x00000000eab00000, 0x00000000ff880000, 0x0000000100000000)
  eden space 166400K, 100% used [0x00000000eab00000,0x00000000f4d80000,0x00000000f4d80000)
  from space 87040K, 6% used [0x00000000f4d80000,0x00000000f52d0030,0x00000000fa280000)
  to   space 83456K, 0% used [0x00000000fa700000,0x00000000fa700000,0x00000000ff880000)
 ParOldGen       total 213504K, used 115211K [0x00000000c0000000, 0x00000000cd080000, 0x00000000eab00000)
  object space 213504K, 53% used [0x00000000c0000000,0x00000000c7082ff0,0x00000000cd080000)
 Metaspace       used 93041K, capacity 98942K, committed 99072K, reserved 1134592K
  class space    used 11848K, capacity 13263K, committed 13312K, reserved 1048576K
Event: 4089.517 GC heap after
Heap after GC invocations=40 (full 4):
 PSYoungGen      total 258560K, used 4352K [0x00000000eab00000, 0x00000000ff580000, 0x0000000100000000)
  eden space 178176K, 0% used [0x00000000eab00000,0x00000000eab00000,0x00000000f5900000)
  from space 80384K, 5% used [0x00000000fa700000,0x00000000fab40020,0x00000000ff580000)
  to   space 79872K, 0% used [0x00000000f5900000,0x00000000f5900000,0x00000000fa700000)
 ParOldGen       total 213504K, used 118052K [0x00000000c0000000, 0x00000000cd080000, 0x00000000eab00000)
  object space 213504K, 55% used [0x00000000c0000000,0x00000000c7349150,0x00000000cd080000)
 Metaspace       used 93041K, capacity 98942K, committed 99072K, reserved 1134592K
  class space    used 11848K, capacity 13263K, committed 13312K, reserved 1048576K
}
Event: 4299.396 GC heap before
{Heap before GC invocations=41 (full 4):
 PSYoungGen      total 258560K, used 182528K [0x00000000eab00000, 0x00000000ff580000, 0x0000000100000000)
  eden space 178176K, 100% used [0x00000000eab00000,0x00000000f5900000,0x00000000f5900000)
  from space 80384K, 5% used [0x00000000fa700000,0x00000000fab40020,0x00000000ff580000)
  to   space 79872K, 0% used [0x00000000f5900000,0x00000000f5900000,0x00000000fa700000)
 ParOldGen       total 213504K, used 118052K [0x00000000c0000000, 0x00000000cd080000, 0x00000000eab00000)
  object space 213504K, 55% used [0x00000000c0000000,0x00000000c7349150,0x00000000cd080000)
 Metaspace       used 93452K, capacity 99582K, committed 99840K, reserved 1136640K
  class space    used 11877K, capacity 13305K, committed 13312K, reserved 1048576K
Event: 4299.464 GC heap after
Heap after GC invocations=41 (full 4):
 PSYoungGen      total 258048K, used 16464K [0x00000000eab00000, 0x00000000ff580000, 0x0000000100000000)
  eden space 178176K, 0% used [0x00000000eab00000,0x00000000eab00000,0x00000000f5900000)
  from space 79872K, 20% used [0x00000000f5900000,0x00000000f6914080,0x00000000fa700000)
  to   space 74752K, 0% used [0x00000000fac80000,0x00000000fac80000,0x00000000ff580000)
 ParOldGen       total 213504K, used 118830K [0x00000000c0000000, 0x00000000cd080000, 0x00000000eab00000)
  object space 213504K, 55% used [0x00000000c0000000,0x00000000c740bb40,0x00000000cd080000)
 Metaspace       used 93452K, capacity 99582K, committed 99840K, reserved 1136640K
  class space    used 11877K, capacity 13305K, committed 13312K, reserved 1048576K
}

Deoptimization events (10 events):
Event: 4318.162 Thread 0x0000000056fe6800 Uncommon trap: reason=class_check action=maybe_recompile pc=0x0000000004ad57dc method=com.google.common.collect.StandardTable.getOrCreate(Ljava/lang/Object;)Ljava/util/Map; @ 5
Event: 4318.162 Thread 0x0000000056fe6800 Uncommon trap: reason=class_check action=maybe_recompile pc=0x0000000004ad57dc method=com.google.common.collect.StandardTable.getOrCreate(Ljava/lang/Object;)Ljava/util/Map; @ 5
Event: 4318.163 Thread 0x0000000056fe6800 Uncommon trap: reason=class_check action=maybe_recompile pc=0x0000000004ad57dc method=com.google.common.collect.StandardTable.getOrCreate(Ljava/lang/Object;)Ljava/util/Map; @ 5
Event: 4318.163 Thread 0x0000000056fe6800 Uncommon trap: reason=class_check action=maybe_recompile pc=0x0000000004ad57dc method=com.google.common.collect.StandardTable.getOrCreate(Ljava/lang/Object;)Ljava/util/Map; @ 5
Event: 4318.163 Thread 0x0000000056fe6800 Uncommon trap: reason=class_check action=maybe_recompile pc=0x0000000004b5fda8 method=com.google.common.collect.StandardTable.getOrCreate(Ljava/lang/Object;)Ljava/util/Map; @ 5
Event: 4318.163 Thread 0x0000000056fe6800 Uncommon trap: reason=class_check action=maybe_recompile pc=0x00000000048bcb60 method=com.google.common.collect.StandardTable$Row.computeBackingRowMap()Ljava/util/Map; @ 11
Event: 4318.163 Thread 0x0000000056fe6800 Uncommon trap: reason=class_check action=maybe_recompile pc=0x00000000048bcb60 method=com.google.common.collect.StandardTable$Row.computeBackingRowMap()Ljava/util/Map; @ 11
Event: 4318.163 Thread 0x0000000056fe6800 Uncommon trap: reason=class_check action=maybe_recompile pc=0x00000000048bcb60 method=com.google.common.collect.StandardTable$Row.computeBackingRowMap()Ljava/util/Map; @ 11
Event: 4318.163 Thread 0x0000000056fe6800 Uncommon trap: reason=class_check action=maybe_recompile pc=0x00000000048bcb60 method=com.google.common.collect.StandardTable$Row.computeBackingRowMap()Ljava/util/Map; @ 11
Event: 4363.222 Thread 0x0000000056fe6800 Uncommon trap: reason=unstable_if action=reinterpret pc=0x0000000002993758 method=com.sun.org.apache.xerces.internal.dom.ChildNode.getParentNode()Lorg/w3c/dom/Node; @ 4

Classes redefined (0 events):
No events

Internal exceptions (10 events):
Event: 4255.965 Thread 0x000000005823f800 Exception <a 'sun/nio/fs/WindowsException'> (0x00000000ef76f438) thrown at [D:\src\AOSP-openjdk-cygwin\jdk8u\hotspot\src\share\vm\prims\jni.cpp, line 709]
Event: 4255.965 Thread 0x000000005823f800 Exception <a 'sun/nio/fs/WindowsException'> (0x00000000ef771078) thrown at [D:\src\AOSP-openjdk-cygwin\jdk8u\hotspot\src\share\vm\prims\jni.cpp, line 709]
Event: 4255.965 Thread 0x000000005823f800 Exception <a 'sun/nio/fs/WindowsException'> (0x00000000ef771cb0) thrown at [D:\src\AOSP-openjdk-cygwin\jdk8u\hotspot\src\share\vm\prims\jni.cpp, line 709]
Event: 4255.966 Thread 0x000000005823f800 Exception <a 'sun/nio/fs/WindowsException'> (0x00000000ef774960) thrown at [D:\src\AOSP-openjdk-cygwin\jdk8u\hotspot\src\share\vm\prims\jni.cpp, line 709]
Event: 4255.966 Thread 0x000000005823f800 Exception <a 'sun/nio/fs/WindowsException'> (0x00000000ef775638) thrown at [D:\src\AOSP-openjdk-cygwin\jdk8u\hotspot\src\share\vm\prims\jni.cpp, line 709]
Event: 4255.966 Thread 0x000000005823f800 Exception <a 'sun/nio/fs/WindowsException'> (0x00000000ef777340) thrown at [D:\src\AOSP-openjdk-cygwin\jdk8u\hotspot\src\share\vm\prims\jni.cpp, line 709]
Event: 4255.966 Thread 0x000000005823f800 Exception <a 'sun/nio/fs/WindowsException'> (0x00000000ef778058) thrown at [D:\src\AOSP-openjdk-cygwin\jdk8u\hotspot\src\share\vm\prims\jni.cpp, line 709]
Event: 4257.922 Thread 0x000000005823f800 Exception <a 'sun/nio/fs/WindowsException'> (0x00000000f197ace8) thrown at [D:\src\AOSP-openjdk-cygwin\jdk8u\hotspot\src\share\vm\prims\jni.cpp, line 709]
Event: 4274.906 Thread 0x0000000056fe6800 Implicit null exception at 0x0000000003c3ef0e to 0x0000000003c3f091
Event: 4281.144 Thread 0x0000000056fe6800 Implicit null exception at 0x000000000639dba4 to 0x000000000639e175

Events (10 events):
Event: 4318.163 Thread 0x0000000056fe6800 Uncommon trap: trap_request=0xffffffde fr.pc=0x00000000048bcb60
Event: 4318.163 Thread 0x0000000056fe6800 DEOPT PACKING pc=0x00000000048bcb60 sp=0x00000000661ed120
Event: 4318.163 Thread 0x0000000056fe6800 DEOPT UNPACKING pc=0x00000000025c557b sp=0x00000000661ed070 mode 2
Event: 4363.222 Thread 0x0000000056fe6800 Uncommon trap: trap_request=0xffffff65 fr.pc=0x0000000002993758
Event: 4363.223 Thread 0x0000000056fe6800 DEOPT PACKING pc=0x0000000002993758 sp=0x00000000661ed000
Event: 4363.223 Thread 0x0000000056fe6800 DEOPT UNPACKING pc=0x00000000025c557b sp=0x00000000661ecfa0 mode 2
Event: 4363.267 Thread 0x0000000058236800 Thread added: 0x0000000058236800
Event: 4363.267 Thread 0x0000000056fe8800 Thread added: 0x0000000056fe8800
Event: 4363.267 Thread 0x0000000056feb000 Thread added: 0x0000000056feb000
Event: 4363.268 Thread 0x0000000056feb800 Thread added: 0x0000000056feb800


Dynamic libraries:
0x000000013fd20000 - 0x000000013fd51000 	C:\Program Files\Android\Android Studio1\jre\bin\java.exe
0x00000000779a0000 - 0x0000000077b3f000 	C:\Windows\SYSTEM32\ntdll.dll
0x0000000077880000 - 0x000000007799f000 	C:\Windows\system32\kernel32.dll
0x000007fefd510000 - 0x000007fefd57a000 	C:\Windows\system32\KERNELBASE.dll
0x00000000751e0000 - 0x0000000075269000 	C:\Windows\System32\SYSFER.DLL
0x000007fefea40000 - 0x000007fefeb1b000 	C:\Windows\system32\ADVAPI32.dll
0x000007fefe360000 - 0x000007fefe3ff000 	C:\Windows\system32\msvcrt.dll
0x000007fefe030000 - 0x000007fefe04f000 	C:\Windows\SYSTEM32\sechost.dll
0x000007fefe050000 - 0x000007fefe17d000 	C:\Windows\system32\RPCRT4.dll
0x0000000077780000 - 0x000000007787a000 	C:\Windows\system32\USER32.dll
0x000007fefd8b0000 - 0x000007fefd917000 	C:\Windows\system32\GDI32.dll
0x000007fefdc20000 - 0x000007fefdc2e000 	C:\Windows\system32\LPK.dll
0x000007fefe290000 - 0x000007fefe35b000 	C:\Windows\system32\USP10.dll
0x000007fefbc80000 - 0x000007fefbe74000 	C:\Windows\WinSxS\amd64_microsoft.windows.common-controls_6595b64144ccf1df_6.0.7601.18837_none_fa3b1e3d17594757\COMCTL32.dll
0x000007fefdfb0000 - 0x000007fefe021000 	C:\Windows\system32\SHLWAPI.dll
0x000007fefd920000 - 0x000007fefd94e000 	C:\Windows\system32\IMM32.DLL
0x000007fefe180000 - 0x000007fefe289000 	C:\Windows\system32\MSCTF.dll
0x0000000062810000 - 0x00000000628e2000 	C:\Program Files\Android\Android Studio1\jre\jre\bin\msvcr100.dll
0x0000000056170000 - 0x00000000569b1000 	C:\Program Files\Android\Android Studio1\jre\jre\bin\server\jvm.dll
0x000007fef6f90000 - 0x000007fef6f99000 	C:\Windows\system32\WSOCK32.dll
0x000007fefe540000 - 0x000007fefe58d000 	C:\Windows\system32\WS2_32.dll
0x000007fefdd70000 - 0x000007fefdd78000 	C:\Windows\system32\NSI.dll
0x000007fefb0c0000 - 0x000007fefb0fb000 	C:\Windows\system32\WINMM.dll
0x000007fefc590000 - 0x000007fefc59c000 	C:\Windows\system32\VERSION.dll
0x0000000077b40000 - 0x0000000077b47000 	C:\Windows\system32\PSAPI.DLL
0x000007fef7920000 - 0x000007fef792f000 	C:\Program Files\Android\Android Studio1\jre\jre\bin\verify.dll
0x000007fef7660000 - 0x000007fef7689000 	C:\Program Files\Android\Android Studio1\jre\jre\bin\java.dll
0x000007feec520000 - 0x000007feec536000 	C:\Program Files\Android\Android Studio1\jre\jre\bin\zip.dll
0x000007fefeb20000 - 0x000007feff8aa000 	C:\Windows\system32\SHELL32.dll
0x000007feff8b0000 - 0x000007feffaaf000 	C:\Windows\system32\ole32.dll
0x000007fefd4f0000 - 0x000007fefd4ff000 	C:\Windows\system32\profapi.dll
0x000007feec000000 - 0x000007feec01a000 	C:\Program Files\Android\Android Studio1\jre\jre\bin\net.dll
0x000007fefcc30000 - 0x000007fefcc85000 	C:\Windows\system32\mswsock.dll
0x000007fefcc20000 - 0x000007fefcc27000 	C:\Windows\System32\wship6.dll
0x000007feebbd0000 - 0x000007feebbe1000 	C:\Program Files\Android\Android Studio1\jre\jre\bin\nio.dll
0x000007feec630000 - 0x000007feec64e000 	C:\Users\bkanjula\.gradle\native\25\windows-amd64\native-platform.dll
0x000007fef8ce0000 - 0x000007fef8ced000 	C:\Program Files\Android\Android Studio1\jre\jre\bin\management.dll
0x000007fefcc90000 - 0x000007fefcca8000 	C:\Windows\system32\CRYPTSP.dll
0x000007fefc990000 - 0x000007fefc9d7000 	C:\Windows\system32\rsaenh.dll
0x000007fefd6f0000 - 0x000007fefd70e000 	C:\Windows\system32\USERENV.dll
0x000007fefd350000 - 0x000007fefd35f000 	C:\Windows\system32\CRYPTBASE.dll
0x000007fefa0f0000 - 0x000007fefa117000 	C:\Windows\system32\IPHLPAPI.DLL
0x000007fefa0e0000 - 0x000007fefa0eb000 	C:\Windows\system32\WINNSI.DLL
0x000007fef9f80000 - 0x000007fef9f98000 	C:\Windows\system32\dhcpcsvc.DLL
0x000007fef9f60000 - 0x000007fef9f71000 	C:\Windows\system32\dhcpcsvc6.DLL
0x000007feeb2b0000 - 0x000007feeb2d4000 	C:\Program Files\Android\Android Studio1\jre\jre\bin\sunec.dll
0x000007fefc690000 - 0x000007fefc697000 	C:\Windows\System32\wshtcpip.dll
0x000007fefcab0000 - 0x000007fefcb0b000 	C:\Windows\system32\DNSAPI.dll
0x000007fef77f0000 - 0x000007fef77f8000 	C:\Windows\system32\rasadhlp.dll
0x000007fef9fb0000 - 0x000007fefa003000 	C:\Windows\System32\fwpuclnt.dll
0x000007fef8fa0000 - 0x000007fef8fab000 	C:\Program Files\Android\Android Studio1\jre\jre\bin\sunmscapi.dll
0x000007fefd580000 - 0x000007fefd6ed000 	C:\Windows\system32\CRYPT32.dll
0x000007fefd500000 - 0x000007fefd50f000 	C:\Windows\system32\MSASN1.dll
0x000007fefd2f0000 - 0x000007fefd347000 	C:\Windows\system32\apphelp.dll

VM Arguments:
jvm_args: -XX:+HeapDumpOnOutOfMemoryError -Xmx1024m -Dfile.encoding=windows-1252 -Duser.country=US -Duser.language=en -Duser.variant 
java_command: org.gradle.launcher.daemon.bootstrap.GradleDaemon 4.4
java_class_path (initial): C:\Users\bkanjula\.gradle\wrapper\dists\gradle-4.4-all\9br9xq1tocpiv8o6njlyu5op1\gradle-4.4\lib\gradle-launcher-4.4.jar
Launcher Type: SUN_STANDARD

Environment Variables:
JAVA_HOME=C:\Program Files\Java\jdk1.8.0_191
PATH=C:\Users\bkanjula\AppData\Roaming\npm;C:\Program Files\nodejs;D:\Git\cmd;C:\ProgramData\chocolatey\bin;C:\Program Files\nodejs\;C:\Program Files (x86)\Yarn\bin\;C:\Program Files\Java\jdk1.8.0_191\bin;C:\Program Files\SQL Operations Studio\bin;C:\Users\bkanjula\AppData\Local\Android\Sdk\platform-tools;C:\Users\bkanjula\AppData\Local\Programs\Microsoft VS Code\bin;C:\Program Files (x86)\Yarn\bin;C:\Windows\System32\;C:\Users\bkanjula\AppData\Roaming\npm;C:\Users\bkanjula\AppData\Local\Yarn\bin
USERNAME=bkanjula
OS=Windows_NT
PROCESSOR_IDENTIFIER=Intel64 Family 6 Model 58 Stepping 9, GenuineIntel



---------------  S Y S T E M  ---------------

OS: Windows 7 , 64 bit Build 7601 (6.1.7601.24335)

CPU:total 4 (initial active 4) (2 cores per cpu, 2 threads per core) family 6 model 58 stepping 9, cmov, cx8, fxsr, mmx, sse, sse2, sse3, ssse3, sse4.1, sse4.2, popcnt, avx, aes, clmul, erms, ht, tsc, tscinvbit, tscinv

Memory: 4k page, physical 8232308k(751324k free), swap 12326404k(3724k free)

vm_info: OpenJDK 64-Bit Server VM (25.152-b06) for windows-amd64 JRE (1.8.0_152-release-1136-b06), built by "builder" with MS VC++ 10.0 (VS2010)

time: Fri Jan 11 15:07:38 2019
elapsed time: 4363 seconds (0d 1h 12m 43s)

